<?xml version="1.0" encoding="UTF-8"?>
<testsuite xmlns:xsi="http://www.w3.org/2001/XMLSchema-instance" xsi:noNamespaceSchemaLocation="https://maven.apache.org/surefire/maven-surefire-plugin/xsd/surefire-test-report.xsd" name="com.keyvault.secrets.quickstart.AppTest" time="0.08" tests="1" errors="0" skipped="0" failures="0">
  <properties>
    <property name="awt.toolkit" value="sun.awt.X11.XToolkit"/>
    <property name="java.specification.version" value="11"/>
    <property name="sun.cpu.isalist" value=""/>
    <property name="sun.jnu.encoding" value="UTF-8"/>
    <property name="java.class.path" value="/home/yusuke/work/azure-managedid-java-sample/akv-secrets-java/target/test-classes:/home/yusuke/work/azure-managedid-java-sample/akv-secrets-java/target/classes:/home/yusuke/.m2/repository/junit/junit/4.11/junit-4.11.jar:/home/yusuke/.m2/repository/org/hamcrest/hamcrest-core/1.3/hamcrest-core-1.3.jar:/home/yusuke/.m2/repository/com/azure/azure-security-keyvault-secrets/4.2.3/azure-security-keyvault-secrets-4.2.3.jar:/home/yusuke/.m2/repository/com/azure/azure-core/1.10.0/azure-core-1.10.0.jar:/home/yusuke/.m2/repository/com/fasterxml/jackson/datatype/jackson-datatype-jsr310/2.11.2/jackson-datatype-jsr310-2.11.2.jar:/home/yusuke/.m2/repository/com/fasterxml/jackson/core/jackson-annotations/2.11.2/jackson-annotations-2.11.2.jar:/home/yusuke/.m2/repository/com/fasterxml/jackson/core/jackson-core/2.11.2/jackson-core-2.11.2.jar:/home/yusuke/.m2/repository/com/fasterxml/jackson/dataformat/jackson-dataformat-xml/2.11.2/jackson-dataformat-xml-2.11.2.jar:/home/yusuke/.m2/repository/com/fasterxml/jackson/module/jackson-module-jaxb-annotations/2.11.2/jackson-module-jaxb-annotations-2.11.2.jar:/home/yusuke/.m2/repository/jakarta/xml/bind/jakarta.xml.bind-api/2.3.2/jakarta.xml.bind-api-2.3.2.jar:/home/yusuke/.m2/repository/jakarta/activation/jakarta.activation-api/1.2.1/jakarta.activation-api-1.2.1.jar:/home/yusuke/.m2/repository/org/codehaus/woodstox/stax2-api/4.2.1/stax2-api-4.2.1.jar:/home/yusuke/.m2/repository/com/fasterxml/woodstox/woodstox-core/6.2.1/woodstox-core-6.2.1.jar:/home/yusuke/.m2/repository/org/slf4j/slf4j-api/1.7.30/slf4j-api-1.7.30.jar:/home/yusuke/.m2/repository/io/projectreactor/reactor-core/3.3.10.RELEASE/reactor-core-3.3.10.RELEASE.jar:/home/yusuke/.m2/repository/org/reactivestreams/reactive-streams/1.0.3/reactive-streams-1.0.3.jar:/home/yusuke/.m2/repository/io/netty/netty-tcnative-boringssl-static/2.0.34.Final/netty-tcnative-boringssl-static-2.0.34.Final.jar:/home/yusuke/.m2/repository/com/azure/azure-core-http-netty/1.6.3/azure-core-http-netty-1.6.3.jar:/home/yusuke/.m2/repository/io/netty/netty-handler/4.1.52.Final/netty-handler-4.1.52.Final.jar:/home/yusuke/.m2/repository/io/netty/netty-common/4.1.52.Final/netty-common-4.1.52.Final.jar:/home/yusuke/.m2/repository/io/netty/netty-resolver/4.1.52.Final/netty-resolver-4.1.52.Final.jar:/home/yusuke/.m2/repository/io/netty/netty-transport/4.1.52.Final/netty-transport-4.1.52.Final.jar:/home/yusuke/.m2/repository/io/netty/netty-codec/4.1.52.Final/netty-codec-4.1.52.Final.jar:/home/yusuke/.m2/repository/io/netty/netty-handler-proxy/4.1.52.Final/netty-handler-proxy-4.1.52.Final.jar:/home/yusuke/.m2/repository/io/netty/netty-codec-socks/4.1.52.Final/netty-codec-socks-4.1.52.Final.jar:/home/yusuke/.m2/repository/io/netty/netty-buffer/4.1.52.Final/netty-buffer-4.1.52.Final.jar:/home/yusuke/.m2/repository/io/netty/netty-codec-http/4.1.52.Final/netty-codec-http-4.1.52.Final.jar:/home/yusuke/.m2/repository/io/netty/netty-codec-http2/4.1.52.Final/netty-codec-http2-4.1.52.Final.jar:/home/yusuke/.m2/repository/io/netty/netty-transport-native-unix-common/4.1.52.Final/netty-transport-native-unix-common-4.1.52.Final.jar:/home/yusuke/.m2/repository/io/netty/netty-transport-native-epoll/4.1.52.Final/netty-transport-native-epoll-4.1.52.Final-linux-x86_64.jar:/home/yusuke/.m2/repository/io/netty/netty-transport-native-kqueue/4.1.52.Final/netty-transport-native-kqueue-4.1.52.Final-osx-x86_64.jar:/home/yusuke/.m2/repository/io/projectreactor/netty/reactor-netty/0.9.12.RELEASE/reactor-netty-0.9.12.RELEASE.jar:/home/yusuke/.m2/repository/com/azure/azure-identity/1.2.0/azure-identity-1.2.0.jar:/home/yusuke/.m2/repository/net/minidev/json-smart/2.3/json-smart-2.3.jar:/home/yusuke/.m2/repository/net/minidev/accessors-smart/1.2/accessors-smart-1.2.jar:/home/yusuke/.m2/repository/org/ow2/asm/asm/5.0.4/asm-5.0.4.jar:/home/yusuke/.m2/repository/com/microsoft/azure/msal4j/1.8.0/msal4j-1.8.0.jar:/home/yusuke/.m2/repository/com/fasterxml/jackson/core/jackson-databind/2.10.1/jackson-databind-2.10.1.jar:/home/yusuke/.m2/repository/com/microsoft/azure/msal4j-persistence-extension/1.0.0/msal4j-persistence-extension-1.0.0.jar:/home/yusuke/.m2/repository/net/java/dev/jna/jna/5.5.0/jna-5.5.0.jar:/home/yusuke/.m2/repository/com/nimbusds/oauth2-oidc-sdk/7.1.1/oauth2-oidc-sdk-7.1.1.jar:/home/yusuke/.m2/repository/com/github/stephenc/jcip/jcip-annotations/1.0-1/jcip-annotations-1.0-1.jar:/home/yusuke/.m2/repository/com/nimbusds/content-type/2.0/content-type-2.0.jar:/home/yusuke/.m2/repository/com/nimbusds/lang-tag/1.4.4/lang-tag-1.4.4.jar:/home/yusuke/.m2/repository/com/nimbusds/nimbus-jose-jwt/8.8/nimbus-jose-jwt-8.8.jar:/home/yusuke/.m2/repository/com/sun/mail/javax.mail/1.6.1/javax.mail-1.6.1.jar:/home/yusuke/.m2/repository/javax/activation/activation/1.1/activation-1.1.jar:/home/yusuke/.m2/repository/net/java/dev/jna/jna-platform/5.6.0/jna-platform-5.6.0.jar:/home/yusuke/.m2/repository/org/linguafranca/pwdb/KeePassJava2/2.1.4/KeePassJava2-2.1.4.jar:/home/yusuke/.m2/repository/org/linguafranca/pwdb/KeePassJava2-kdb/2.1.4/KeePassJava2-kdb-2.1.4.jar:/home/yusuke/.m2/repository/org/linguafranca/pwdb/database/2.1.4/database-2.1.4.jar:/home/yusuke/.m2/repository/com/google/guava/guava/19.0/guava-19.0.jar:/home/yusuke/.m2/repository/com/madgag/spongycastle/core/1.54.0.0/core-1.54.0.0.jar:/home/yusuke/.m2/repository/org/jetbrains/annotations/15.0/annotations-15.0.jar:/home/yusuke/.m2/repository/org/linguafranca/pwdb/KeePassJava2-dom/2.1.4/KeePassJava2-dom-2.1.4.jar:/home/yusuke/.m2/repository/org/linguafranca/pwdb/KeePassJava2-kdbx/2.1.4/KeePassJava2-kdbx-2.1.4.jar:/home/yusuke/.m2/repository/commons-codec/commons-codec/1.10/commons-codec-1.10.jar:/home/yusuke/.m2/repository/org/linguafranca/pwdb/KeePassJava2-jaxb/2.1.4/KeePassJava2-jaxb-2.1.4.jar:/home/yusuke/.m2/repository/org/linguafranca/pwdb/KeePassJava2-simple/2.1.4/KeePassJava2-simple-2.1.4.jar:/home/yusuke/.m2/repository/org/simpleframework/simple-xml/2.7.1/simple-xml-2.7.1.jar:/home/yusuke/.m2/repository/stax/stax-api/1.0.1/stax-api-1.0.1.jar:/home/yusuke/.m2/repository/stax/stax/1.2.0/stax-1.2.0.jar:/home/yusuke/.m2/repository/xpp3/xpp3/1.1.3.3/xpp3-1.1.3.3.jar:/home/yusuke/.m2/repository/org/apache/httpcomponents/httpcore/4.4.5/httpcore-4.4.5.jar:/home/yusuke/.m2/repository/com/fasterxml/aalto-xml/1.0.0/aalto-xml-1.0.0.jar:"/>
    <property name="java.vm.vendor" value="Ubuntu"/>
    <property name="sun.arch.data.model" value="64"/>
    <property name="java.vendor.url" value="https://ubuntu.com/"/>
    <property name="user.timezone" value=""/>
    <property name="java.vm.specification.version" value="11"/>
    <property name="os.name" value="Linux"/>
    <property name="sun.java.launcher" value="SUN_STANDARD"/>
    <property name="sun.boot.library.path" value="/usr/lib/jvm/java-11-openjdk-amd64/lib"/>
    <property name="sun.java.command" value="/home/yusuke/work/azure-managedid-java-sample/akv-secrets-java/target/surefire/surefirebooter2536132545607218458.jar /home/yusuke/work/azure-managedid-java-sample/akv-secrets-java/target/surefire 2022-07-14T11-13-51_324-jvmRun1 surefire2301133009502665897tmp surefire_08170682408536419731tmp"/>
    <property name="jdk.debug" value="release"/>
    <property name="surefire.test.class.path" value="/home/yusuke/work/azure-managedid-java-sample/akv-secrets-java/target/test-classes:/home/yusuke/work/azure-managedid-java-sample/akv-secrets-java/target/classes:/home/yusuke/.m2/repository/junit/junit/4.11/junit-4.11.jar:/home/yusuke/.m2/repository/org/hamcrest/hamcrest-core/1.3/hamcrest-core-1.3.jar:/home/yusuke/.m2/repository/com/azure/azure-security-keyvault-secrets/4.2.3/azure-security-keyvault-secrets-4.2.3.jar:/home/yusuke/.m2/repository/com/azure/azure-core/1.10.0/azure-core-1.10.0.jar:/home/yusuke/.m2/repository/com/fasterxml/jackson/datatype/jackson-datatype-jsr310/2.11.2/jackson-datatype-jsr310-2.11.2.jar:/home/yusuke/.m2/repository/com/fasterxml/jackson/core/jackson-annotations/2.11.2/jackson-annotations-2.11.2.jar:/home/yusuke/.m2/repository/com/fasterxml/jackson/core/jackson-core/2.11.2/jackson-core-2.11.2.jar:/home/yusuke/.m2/repository/com/fasterxml/jackson/dataformat/jackson-dataformat-xml/2.11.2/jackson-dataformat-xml-2.11.2.jar:/home/yusuke/.m2/repository/com/fasterxml/jackson/module/jackson-module-jaxb-annotations/2.11.2/jackson-module-jaxb-annotations-2.11.2.jar:/home/yusuke/.m2/repository/jakarta/xml/bind/jakarta.xml.bind-api/2.3.2/jakarta.xml.bind-api-2.3.2.jar:/home/yusuke/.m2/repository/jakarta/activation/jakarta.activation-api/1.2.1/jakarta.activation-api-1.2.1.jar:/home/yusuke/.m2/repository/org/codehaus/woodstox/stax2-api/4.2.1/stax2-api-4.2.1.jar:/home/yusuke/.m2/repository/com/fasterxml/woodstox/woodstox-core/6.2.1/woodstox-core-6.2.1.jar:/home/yusuke/.m2/repository/org/slf4j/slf4j-api/1.7.30/slf4j-api-1.7.30.jar:/home/yusuke/.m2/repository/io/projectreactor/reactor-core/3.3.10.RELEASE/reactor-core-3.3.10.RELEASE.jar:/home/yusuke/.m2/repository/org/reactivestreams/reactive-streams/1.0.3/reactive-streams-1.0.3.jar:/home/yusuke/.m2/repository/io/netty/netty-tcnative-boringssl-static/2.0.34.Final/netty-tcnative-boringssl-static-2.0.34.Final.jar:/home/yusuke/.m2/repository/com/azure/azure-core-http-netty/1.6.3/azure-core-http-netty-1.6.3.jar:/home/yusuke/.m2/repository/io/netty/netty-handler/4.1.52.Final/netty-handler-4.1.52.Final.jar:/home/yusuke/.m2/repository/io/netty/netty-common/4.1.52.Final/netty-common-4.1.52.Final.jar:/home/yusuke/.m2/repository/io/netty/netty-resolver/4.1.52.Final/netty-resolver-4.1.52.Final.jar:/home/yusuke/.m2/repository/io/netty/netty-transport/4.1.52.Final/netty-transport-4.1.52.Final.jar:/home/yusuke/.m2/repository/io/netty/netty-codec/4.1.52.Final/netty-codec-4.1.52.Final.jar:/home/yusuke/.m2/repository/io/netty/netty-handler-proxy/4.1.52.Final/netty-handler-proxy-4.1.52.Final.jar:/home/yusuke/.m2/repository/io/netty/netty-codec-socks/4.1.52.Final/netty-codec-socks-4.1.52.Final.jar:/home/yusuke/.m2/repository/io/netty/netty-buffer/4.1.52.Final/netty-buffer-4.1.52.Final.jar:/home/yusuke/.m2/repository/io/netty/netty-codec-http/4.1.52.Final/netty-codec-http-4.1.52.Final.jar:/home/yusuke/.m2/repository/io/netty/netty-codec-http2/4.1.52.Final/netty-codec-http2-4.1.52.Final.jar:/home/yusuke/.m2/repository/io/netty/netty-transport-native-unix-common/4.1.52.Final/netty-transport-native-unix-common-4.1.52.Final.jar:/home/yusuke/.m2/repository/io/netty/netty-transport-native-epoll/4.1.52.Final/netty-transport-native-epoll-4.1.52.Final-linux-x86_64.jar:/home/yusuke/.m2/repository/io/netty/netty-transport-native-kqueue/4.1.52.Final/netty-transport-native-kqueue-4.1.52.Final-osx-x86_64.jar:/home/yusuke/.m2/repository/io/projectreactor/netty/reactor-netty/0.9.12.RELEASE/reactor-netty-0.9.12.RELEASE.jar:/home/yusuke/.m2/repository/com/azure/azure-identity/1.2.0/azure-identity-1.2.0.jar:/home/yusuke/.m2/repository/net/minidev/json-smart/2.3/json-smart-2.3.jar:/home/yusuke/.m2/repository/net/minidev/accessors-smart/1.2/accessors-smart-1.2.jar:/home/yusuke/.m2/repository/org/ow2/asm/asm/5.0.4/asm-5.0.4.jar:/home/yusuke/.m2/repository/com/microsoft/azure/msal4j/1.8.0/msal4j-1.8.0.jar:/home/yusuke/.m2/repository/com/fasterxml/jackson/core/jackson-databind/2.10.1/jackson-databind-2.10.1.jar:/home/yusuke/.m2/repository/com/microsoft/azure/msal4j-persistence-extension/1.0.0/msal4j-persistence-extension-1.0.0.jar:/home/yusuke/.m2/repository/net/java/dev/jna/jna/5.5.0/jna-5.5.0.jar:/home/yusuke/.m2/repository/com/nimbusds/oauth2-oidc-sdk/7.1.1/oauth2-oidc-sdk-7.1.1.jar:/home/yusuke/.m2/repository/com/github/stephenc/jcip/jcip-annotations/1.0-1/jcip-annotations-1.0-1.jar:/home/yusuke/.m2/repository/com/nimbusds/content-type/2.0/content-type-2.0.jar:/home/yusuke/.m2/repository/com/nimbusds/lang-tag/1.4.4/lang-tag-1.4.4.jar:/home/yusuke/.m2/repository/com/nimbusds/nimbus-jose-jwt/8.8/nimbus-jose-jwt-8.8.jar:/home/yusuke/.m2/repository/com/sun/mail/javax.mail/1.6.1/javax.mail-1.6.1.jar:/home/yusuke/.m2/repository/javax/activation/activation/1.1/activation-1.1.jar:/home/yusuke/.m2/repository/net/java/dev/jna/jna-platform/5.6.0/jna-platform-5.6.0.jar:/home/yusuke/.m2/repository/org/linguafranca/pwdb/KeePassJava2/2.1.4/KeePassJava2-2.1.4.jar:/home/yusuke/.m2/repository/org/linguafranca/pwdb/KeePassJava2-kdb/2.1.4/KeePassJava2-kdb-2.1.4.jar:/home/yusuke/.m2/repository/org/linguafranca/pwdb/database/2.1.4/database-2.1.4.jar:/home/yusuke/.m2/repository/com/google/guava/guava/19.0/guava-19.0.jar:/home/yusuke/.m2/repository/com/madgag/spongycastle/core/1.54.0.0/core-1.54.0.0.jar:/home/yusuke/.m2/repository/org/jetbrains/annotations/15.0/annotations-15.0.jar:/home/yusuke/.m2/repository/org/linguafranca/pwdb/KeePassJava2-dom/2.1.4/KeePassJava2-dom-2.1.4.jar:/home/yusuke/.m2/repository/org/linguafranca/pwdb/KeePassJava2-kdbx/2.1.4/KeePassJava2-kdbx-2.1.4.jar:/home/yusuke/.m2/repository/commons-codec/commons-codec/1.10/commons-codec-1.10.jar:/home/yusuke/.m2/repository/org/linguafranca/pwdb/KeePassJava2-jaxb/2.1.4/KeePassJava2-jaxb-2.1.4.jar:/home/yusuke/.m2/repository/org/linguafranca/pwdb/KeePassJava2-simple/2.1.4/KeePassJava2-simple-2.1.4.jar:/home/yusuke/.m2/repository/org/simpleframework/simple-xml/2.7.1/simple-xml-2.7.1.jar:/home/yusuke/.m2/repository/stax/stax-api/1.0.1/stax-api-1.0.1.jar:/home/yusuke/.m2/repository/stax/stax/1.2.0/stax-1.2.0.jar:/home/yusuke/.m2/repository/xpp3/xpp3/1.1.3.3/xpp3-1.1.3.3.jar:/home/yusuke/.m2/repository/org/apache/httpcomponents/httpcore/4.4.5/httpcore-4.4.5.jar:/home/yusuke/.m2/repository/com/fasterxml/aalto-xml/1.0.0/aalto-xml-1.0.0.jar:"/>
    <property name="sun.cpu.endian" value="little"/>
    <property name="user.home" value="/home/yusuke"/>
    <property name="user.language" value="en"/>
    <property name="java.specification.vendor" value="Oracle Corporation"/>
    <property name="java.version.date" value="2021-04-20"/>
    <property name="java.home" value="/usr/lib/jvm/java-11-openjdk-amd64"/>
    <property name="file.separator" value="/"/>
    <property name="basedir" value="/home/yusuke/work/azure-managedid-java-sample/akv-secrets-java"/>
    <property name="java.vm.compressedOopsMode" value="32-bit"/>
    <property name="line.separator" value="&#10;"/>
    <property name="java.specification.name" value="Java Platform API Specification"/>
    <property name="java.vm.specification.vendor" value="Oracle Corporation"/>
    <property name="java.awt.graphicsenv" value="sun.awt.X11GraphicsEnvironment"/>
    <property name="surefire.real.class.path" value="/home/yusuke/work/azure-managedid-java-sample/akv-secrets-java/target/surefire/surefirebooter2536132545607218458.jar"/>
    <property name="sun.management.compiler" value="HotSpot 64-Bit Tiered Compilers"/>
    <property name="java.runtime.version" value="11.0.11+9-Ubuntu-0ubuntu2.20.04"/>
    <property name="user.name" value="yusuke"/>
    <property name="path.separator" value=":"/>
    <property name="os.version" value="5.10.102.1-microsoft-standard-WSL2"/>
    <property name="java.runtime.name" value="OpenJDK Runtime Environment"/>
    <property name="file.encoding" value="UTF-8"/>
    <property name="java.vm.name" value="OpenJDK 64-Bit Server VM"/>
    <property name="localRepository" value="/home/yusuke/.m2/repository"/>
    <property name="java.vendor.url.bug" value="https://bugs.launchpad.net/ubuntu/+source/openjdk-lts"/>
    <property name="java.io.tmpdir" value="/tmp"/>
    <property name="java.version" value="11.0.11"/>
    <property name="user.dir" value="/home/yusuke/work/azure-managedid-java-sample/akv-secrets-java"/>
    <property name="os.arch" value="amd64"/>
    <property name="java.vm.specification.name" value="Java Virtual Machine Specification"/>
    <property name="java.awt.printerjob" value="sun.print.PSPrinterJob"/>
    <property name="sun.os.patch.level" value="unknown"/>
    <property name="java.library.path" value="/usr/java/packages/lib:/usr/lib/x86_64-linux-gnu/jni:/lib/x86_64-linux-gnu:/usr/lib/x86_64-linux-gnu:/usr/lib/jni:/lib:/usr/lib"/>
    <property name="java.vm.info" value="mixed mode, sharing"/>
    <property name="java.vendor" value="Ubuntu"/>
    <property name="java.vm.version" value="11.0.11+9-Ubuntu-0ubuntu2.20.04"/>
    <property name="sun.io.unicode.encoding" value="UnicodeLittle"/>
    <property name="java.class.version" value="55.0"/>
  </properties>
  <testcase name="shouldAnswerWithTrue" classname="com.keyvault.secrets.quickstart.AppTest" time="0.003"/>
</testsuite>